Build host: UNIX
========= 00:47:53 /home/travis/build/open-watcom/open-watcom-v2/bld ==========
**** DOCPDF rule
========= 00:47:53 /home/travis/build/open-watcom/open-watcom-v2/docs =========
======= 00:47:53 /home/travis/build/open-watcom/open-watcom-v2/docs/pdf =======
===== pdf /home/travis/build/open-watcom/open-watcom-v2/docs/pdf-c_readme/c_readme =====
mkdir tmp
bmp2eps -c ../doc/gs/ide10c.bmp tmp/ide10c.ps
bmp2eps -c ../doc/gs/ide11c.bmp tmp/ide11c.ps
bmp2eps -c ../doc/gs/ide12c.bmp tmp/ide12c.ps
bmp2eps -c ../doc/gs/ide13c.bmp tmp/ide13c.ps
bmp2eps -c ../doc/gs/ide14c.bmp tmp/ide14c.ps
bmp2eps -c ../doc/gs/ide14f.bmp tmp/ide14f.ps
bmp2eps -c ../doc/gs/ide1c.bmp tmp/ide1c.ps
bmp2eps -c ../doc/gs/ide2c.bmp tmp/ide2c.ps
bmp2eps -c ../doc/gs/ide2f.bmp tmp/ide2f.ps
bmp2eps -c ../doc/gs/ide3c.bmp tmp/ide3c.ps
bmp2eps -c ../doc/gs/ide3f.bmp tmp/ide3f.ps
bmp2eps -c ../doc/gs/ide4c.bmp tmp/ide4c.ps
bmp2eps -c ../doc/gs/ide5c.bmp tmp/ide5c.ps
bmp2eps -c ../doc/gs/ide5f.bmp tmp/ide5f.ps
bmp2eps -c ../doc/gs/ide6c.bmp tmp/ide6c.ps
bmp2eps -c ../doc/gs/ide7c.bmp tmp/ide7c.ps
bmp2eps -c ../doc/gs/ide7f.bmp tmp/ide7f.ps
bmp2eps -c ../doc/gs/ide8c.bmp tmp/ide8c.ps
bmp2eps -c ../doc/gs/ide8f.bmp tmp/ide8f.ps
bmp2eps -c ../doc/gs/ide9c.bmp tmp/ide9c.ps
bmp2eps -c ../doc/gs/ide9f.bmp tmp/ide9f.ps
%make prepare_wgml_opts
dosemu -dumb -quiet wgml.bat
Creating symbolic link for /home/travis/.dosemu/drive_c as /home/travis/.dosemu/drives/c
Creating symbolic link for /usr/lib/dosemu/drive_z as /home/travis/.dosemu/drives/c
ERROR: Unable to open console or check with X to evaluate the keyboard map.
Please specify your keyboard map explicitly via the $_layout option.
ERROR: unknown window sizes li=0  co=0, setting to 80x25
ERROR: MFS: couldn't find root path /media/CDROM
D:\build\open-watcom\open-watcom-v2\docs\pdf>lredir w: linux\fs/home/travis/build/open-watcom/open-watcom-v2/docs
W: = LINUX\FS/HOME/TRAVIS/BUILD/OPEN-WATCOM/OPEN-WATCOM-V2/DOCS attrib = READ/WRITE
D:\build\open-watcom\open-watcom-v2\docs\pdf>w:\gml\dos\wgml.exe c_readme ( file wgmlopts.tmp
WATCOM Script/GML V4.0 Copyright by WATCOM International Corp. 1985,1993.
D:\build\open-watcom\open-watcom-v2\docs\pdf>exitemu
ps2pdf12 -r600 c_readme.ps c_readme.pdf
===== pdf /home/travis/build/open-watcom/open-watcom-v2/docs/pdf-cgdoc/cgdoc =====
%make prepare_wgml_opts
dosemu -dumb -quiet wgml.bat
ERROR: Unable to open console or check with X to evaluate the keyboard map.
Please specify your keyboard map explicitly via the $_layout option.
ERROR: unknown window sizes li=0  co=0, setting to 80x25
ERROR: MFS: couldn't find root path /media/CDROM
D:\build\open-watcom\open-watcom-v2\docs\pdf>lredir w: linux\fs/home/travis/build/open-watcom/open-watcom-v2/docs
W: = LINUX\FS/HOME/TRAVIS/BUILD/OPEN-WATCOM/OPEN-WATCOM-V2/DOCS attrib = READ/WRITE
D:\build\open-watcom\open-watcom-v2\docs\pdf>w:\gml\dos\wgml.exe cgdoc ( file wgmlopts.tmp
WATCOM Script/GML V4.0 Copyright by WATCOM International Corp. 1985,1993.
D:\build\open-watcom\open-watcom-v2\docs\pdf>exitemu
ps2pdf12 -r600 cgdoc.ps cgdoc.pdf
===== pdf /home/travis/build/open-watcom/open-watcom-v2/docs/pdf-cguide/cguide =====
%make prepare_wgml_opts
dosemu -dumb -quiet wgml.bat
ERROR: Unable to open console or check with X to evaluate the keyboard map.
Please specify your keyboard map explicitly via the $_layout option.
ERROR: unknown window sizes li=0  co=0, setting to 80x25
ERROR: MFS: couldn't find root path /media/CDROM
D:\build\open-watcom\open-watcom-v2\docs\pdf>lredir w: linux\fs/home/travis/build/open-watcom/open-watcom-v2/docs
W: = LINUX\FS/HOME/TRAVIS/BUILD/OPEN-WATCOM/OPEN-WATCOM-V2/DOCS attrib = READ/WRITE
D:\build\open-watcom\open-watcom-v2\docs\pdf>w:\gml\dos\wgml.exe cguide ( file wgmlopts.tmp
WATCOM Script/GML V4.0 Copyright by WATCOM International Corp. 1985,1993.
D:\build\open-watcom\open-watcom-v2\docs\pdf>exitemu
ps2pdf12 -r600 cguide.ps cguide.pdf
===== pdf /home/travis/build/open-watcom/open-watcom-v2/docs/pdf-clib/clib_dos =====
%make prepare_wgml_opts
dosemu -dumb -quiet wgml.bat
ERROR: Unable to open console or check with X to evaluate the keyboard map.
Please specify your keyboard map explicitly via the $_layout option.
ERROR: unknown window sizes li=0  co=0, setting to 80x25
ERROR: MFS: couldn't find root path /media/CDROM
D:\build\open-watcom\open-watcom-v2\docs\pdf>lredir w: linux\fs/home/travis/build/open-watcom/open-watcom-v2/docs
W: = LINUX\FS/HOME/TRAVIS/BUILD/OPEN-WATCOM/OPEN-WATCOM-V2/DOCS attrib = READ/WRITE
D:\build\open-watcom\open-watcom-v2\docs\pdf>w:\gml\dos\wgml.exe clib_dos ( file wgmlopts.tmp
WATCOM Script/GML V4.0 Copyright by WATCOM International Corp. 1985,1993.
***NOTE*** Number of functions described by this document for DOS is 1332
***NOTE*** Number of functions described by this document for DOS is 1332
D:\build\open-watcom\open-watcom-v2\docs\pdf>exitemu
ps2pdf12 -r600 clib.ps clib.pdf
===== pdf /home/travis/build/open-watcom/open-watcom-v2/docs/pdf-clr/c =====
%make prepare_wgml_opts
dosemu -dumb -quiet wgml.bat
ERROR: Unable to open console or check with X to evaluate the keyboard map.
Please specify your keyboard map explicitly via the $_layout option.
ERROR: unknown window sizes li=0  co=0, setting to 80x25
ERROR: MFS: couldn't find root path /media/CDROM
D:\build\open-watcom\open-watcom-v2\docs\pdf>lredir w: linux\fs/home/travis/build/open-watcom/open-watcom-v2/docs
W: = LINUX\FS/HOME/TRAVIS/BUILD/OPEN-WATCOM/OPEN-WATCOM-V2/DOCS attrib = READ/WRITE
D:\build\open-watcom\open-watcom-v2\docs\pdf>w:\gml\dos\wgml.exe c ( file wgmlopts.tmp
WATCOM Script/GML V4.0 Copyright by WATCOM International Corp. 1985,1993.
D:\build\open-watcom\open-watcom-v2\docs\pdf>exitemu
ps2pdf12 -r600 clr.ps clr.pdf
===== pdf /home/travis/build/open-watcom/open-watcom-v2/docs/pdf-cpplib/cpplib =====
%make prepare_wgml_opts
dosemu -dumb -quiet wgml.bat
ERROR: Unable to open console or check with X to evaluate the keyboard map.
Please specify your keyboard map explicitly via the $_layout option.
ERROR: unknown window sizes li=0  co=0, setting to 80x25
ERROR: MFS: couldn't find root path /media/CDROM
D:\build\open-watcom\open-watcom-v2\docs\pdf>lredir w: linux\fs/home/travis/build/open-watcom/open-watcom-v2/docs
W: = LINUX\FS/HOME/TRAVIS/BUILD/OPEN-WATCOM/OPEN-WATCOM-V2/DOCS attrib = READ/WRITE
D:\build\open-watcom\open-watcom-v2\docs\pdf>w:\gml\dos\wgml.exe cpplib ( file wgmlopts.tmp
WATCOM Script/GML V4.0 Copyright by WATCOM International Corp. 1985,1993.
D:\build\open-watcom\open-watcom-v2\docs\pdf>exitemu
ps2pdf12 -r600 cpplib.ps cpplib.pdf
===== pdf /home/travis/build/open-watcom/open-watcom-v2/docs/pdf-cw/cw =====
%make prepare_wgml_opts
dosemu -dumb -quiet wgml.bat
ERROR: Unable to open console or check with X to evaluate the keyboard map.
Please specify your keyboard map explicitly via the $_layout option.
ERROR: unknown window sizes li=0  co=0, setting to 80x25
ERROR: MFS: couldn't find root path /media/CDROM
D:\build\open-watcom\open-watcom-v2\docs\pdf>lredir w: linux\fs/home/travis/build/open-watcom/open-watcom-v2/docs
W: = LINUX\FS/HOME/TRAVIS/BUILD/OPEN-WATCOM/OPEN-WATCOM-V2/DOCS attrib = READ/WRITE
D:\build\open-watcom\open-watcom-v2\docs\pdf>w:\gml\dos\wgml.exe cw ( file wgmlopts.tmp
WATCOM Script/GML V4.0 Copyright by WATCOM International Corp. 1985,1993.
D:\build\open-watcom\open-watcom-v2\docs\pdf>exitemu
ps2pdf12 -r600 cw.ps cw.pdf
===== pdf /home/travis/build/open-watcom/open-watcom-v2/docs/pdf-devguide/devguide =====
%make prepare_wgml_opts
dosemu -dumb -quiet wgml.bat
ERROR: Unable to open console or check with X to evaluate the keyboard map.
Please specify your keyboard map explicitly via the $_layout option.
ERROR: unknown window sizes li=0  co=0, setting to 80x25
ERROR: MFS: couldn't find root path /media/CDROM
D:\build\open-watcom\open-watcom-v2\docs\pdf>lredir w: linux\fs/home/travis/build/open-watcom/open-watcom-v2/docs
W: = LINUX\FS/HOME/TRAVIS/BUILD/OPEN-WATCOM/OPEN-WATCOM-V2/DOCS attrib = READ/WRITE
D:\build\open-watcom\open-watcom-v2\docs\pdf>w:\gml\dos\wgml.exe devguide ( file wgmlopts.tmp
WATCOM Script/GML V4.0 Copyright by WATCOM International Corp. 1985,1993.
D:\build\open-watcom\open-watcom-v2\docs\pdf>exitemu
ps2pdf12 -r600 devguide.ps devguide.pdf
===== pdf /home/travis/build/open-watcom/open-watcom-v2/docs/pdf-dwdoc/dwdoc =====
%make prepare_wgml_opts
dosemu -dumb -quiet wgml.bat
ERROR: Unable to open console or check with X to evaluate the keyboard map.
Please specify your keyboard map explicitly via the $_layout option.
ERROR: unknown window sizes li=0  co=0, setting to 80x25
ERROR: MFS: couldn't find root path /media/CDROM
D:\build\open-watcom\open-watcom-v2\docs\pdf>lredir w: linux\fs/home/travis/build/open-watcom/open-watcom-v2/docs
W: = LINUX\FS/HOME/TRAVIS/BUILD/OPEN-WATCOM/OPEN-WATCOM-V2/DOCS attrib = READ/WRITE
D:\build\open-watcom\open-watcom-v2\docs\pdf>w:\gml\dos\wgml.exe dwdoc ( file wgmlopts.tmp
WATCOM Script/GML V4.0 Copyright by WATCOM International Corp. 1985,1993.
D:\build\open-watcom\open-watcom-v2\docs\pdf>exitemu
ps2pdf12 -r600 dwdoc.ps dwdoc.pdf
===== pdf /home/travis/build/open-watcom/open-watcom-v2/docs/pdf-f77graph/f77graph =====
%make prepare_wgml_opts
dosemu -dumb -quiet wgml.bat
ERROR: Unable to open console or check with X to evaluate the keyboard map.
Please specify your keyboard map explicitly via the $_layout option.
ERROR: unknown window sizes li=0  co=0, setting to 80x25
ERROR: MFS: couldn't find root path /media/CDROM
D:\build\open-watcom\open-watcom-v2\docs\pdf>lredir w: linux\fs/home/travis/build/open-watcom/open-watcom-v2/docs
W: = LINUX\FS/HOME/TRAVIS/BUILD/OPEN-WATCOM/OPEN-WATCOM-V2/DOCS attrib = READ/WRITE
D:\build\open-watcom\open-watcom-v2\docs\pdf>w:\gml\dos\wgml.exe f77graph ( file wgmlopts.tmp
WATCOM Script/GML V4.0 Copyright by WATCOM International Corp. 1985,1993.
***NOTE*** Number of functions described by this document for DOS is 1238
***NOTE*** Number of functions described by this document for DOS is 1238
D:\build\open-watcom\open-watcom-v2\docs\pdf>exitemu
ps2pdf12 -r600 f77graph.ps f77graph.pdf
===== pdf /home/travis/build/open-watcom/open-watcom-v2/docs/pdf-f77lr/f77lr =====
%make prepare_wgml_opts
dosemu -dumb -quiet wgml.bat
ERROR: Unable to open console or check with X to evaluate the keyboard map.
Please specify your keyboard map explicitly via the $_layout option.
ERROR: unknown window sizes li=0  co=0, setting to 80x25
ERROR: MFS: couldn't find root path /media/CDROM
D:\build\open-watcom\open-watcom-v2\docs\pdf>lredir w: linux\fs/home/travis/build/open-watcom/open-watcom-v2/docs
W: = LINUX\FS/HOME/TRAVIS/BUILD/OPEN-WATCOM/OPEN-WATCOM-V2/DOCS attrib = READ/WRITE
D:\build\open-watcom\open-watcom-v2\docs\pdf>w:\gml\dos\wgml.exe f77lr ( file wgmlopts.tmp
WATCOM Script/GML V4.0 Copyright by WATCOM International Corp. 1985,1993.
D:\build\open-watcom\open-watcom-v2\docs\pdf>exitemu
ps2pdf12 -r600 f77lr.ps f77lr.pdf
===== pdf /home/travis/build/open-watcom/open-watcom-v2/docs/pdf-f_readme/f_readme =====
%make prepare_wgml_opts
dosemu -dumb -quiet wgml.bat
ERROR: Unable to open console or check with X to evaluate the keyboard map.
Please specify your keyboard map explicitly via the $_layout option.
ERROR: unknown window sizes li=0  co=0, setting to 80x25
ERROR: MFS: couldn't find root path /media/CDROM
D:\build\open-watcom\open-watcom-v2\docs\pdf>lredir w: linux\fs/home/travis/build/open-watcom/open-watcom-v2/docs
W: = LINUX\FS/HOME/TRAVIS/BUILD/OPEN-WATCOM/OPEN-WATCOM-V2/DOCS attrib = READ/WRITE
D:\build\open-watcom\open-watcom-v2\docs\pdf>w:\gml\dos\wgml.exe f_readme ( file wgmlopts.tmp
WATCOM Script/GML V4.0 Copyright by WATCOM International Corp. 1985,1993.
D:\build\open-watcom\open-watcom-v2\docs\pdf>exitemu
ps2pdf12 -r600 f_readme.ps f_readme.pdf
===== pdf /home/travis/build/open-watcom/open-watcom-v2/docs/pdf-fpguide/fpguide =====
%make prepare_wgml_opts
dosemu -dumb -quiet wgml.bat
ERROR: Unable to open console or check with X to evaluate the keyboard map.
Please specify your keyboard map explicitly via the $_layout option.
ERROR: unknown window sizes li=0  co=0, setting to 80x25
ERROR: MFS: couldn't find root path /media/CDROM
D:\build\open-watcom\open-watcom-v2\docs\pdf>lredir w: linux\fs/home/travis/build/open-watcom/open-watcom-v2/docs
W: = LINUX\FS/HOME/TRAVIS/BUILD/OPEN-WATCOM/OPEN-WATCOM-V2/DOCS attrib = READ/WRITE
D:\build\open-watcom\open-watcom-v2\docs\pdf>w:\gml\dos\wgml.exe fpguide ( file wgmlopts.tmp
WATCOM Script/GML V4.0 Copyright by WATCOM International Corp. 1985,1993.
D:\build\open-watcom\open-watcom-v2\docs\pdf>exitemu
ps2pdf12 -r600 fpguide.ps fpguide.pdf
===== pdf /home/travis/build/open-watcom/open-watcom-v2/docs/pdf-ftools/ftools =====
%make prepare_wgml_opts
dosemu -dumb -quiet wgml.bat
ERROR: Unable to open console or check with X to evaluate the keyboard map.
Please specify your keyboard map explicitly via the $_layout option.
ERROR: unknown window sizes li=0  co=0, setting to 80x25
ERROR: MFS: couldn't find root path /media/CDROM
D:\build\open-watcom\open-watcom-v2\docs\pdf>lredir w: linux\fs/home/travis/build/open-watcom/open-watcom-v2/docs
W: = LINUX\FS/HOME/TRAVIS/BUILD/OPEN-WATCOM/OPEN-WATCOM-V2/DOCS attrib = READ/WRITE
D:\build\open-watcom\open-watcom-v2\docs\pdf>w:\gml\dos\wgml.exe ftools ( file wgmlopts.tmp
WATCOM Script/GML V4.0 Copyright by WATCOM International Corp. 1985,1993.
D:\build\open-watcom\open-watcom-v2\docs\pdf>exitemu
ps2pdf12 -r600 ftools.ps ftools.pdf
===== pdf /home/travis/build/open-watcom/open-watcom-v2/docs/pdf-fuguide/fuguide =====
%make prepare_wgml_opts
dosemu -dumb -quiet wgml.bat
ERROR: Unable to open console or check with X to evaluate the keyboard map.
Please specify your keyboard map explicitly via the $_layout option.
ERROR: unknown window sizes li=0  co=0, setting to 80x25
ERROR: MFS: couldn't find root path /media/CDROM
D:\build\open-watcom\open-watcom-v2\docs\pdf>lredir w: linux\fs/home/travis/build/open-watcom/open-watcom-v2/docs
W: = LINUX\FS/HOME/TRAVIS/BUILD/OPEN-WATCOM/OPEN-WATCOM-V2/DOCS attrib = READ/WRITE
D:\build\open-watcom\open-watcom-v2\docs\pdf>w:\gml\dos\wgml.exe fuguide ( file wgmlopts.tmp
WATCOM Script/GML V4.0 Copyright by WATCOM International Corp. 1985,1993.
D:\build\open-watcom\open-watcom-v2\docs\pdf>exitemu
ps2pdf12 -r600 fuguide.ps fuguide.pdf
===== pdf /home/travis/build/open-watcom/open-watcom-v2/docs/pdf-guitool/guitool =====
bmp2eps -c ../doc/gui/snaps/acc1.bmp tmp/acc1.ps
bmp2eps -c ../doc/gui/snaps/acc10.bmp tmp/acc10.ps
bmp2eps -c ../doc/gui/snaps/acc11.bmp tmp/acc11.ps
bmp2eps -c ../doc/gui/snaps/acc12.bmp tmp/acc12.ps
bmp2eps -c ../doc/gui/snaps/acc13.bmp tmp/acc13.ps
bmp2eps -c ../doc/gui/snaps/acc2.bmp tmp/acc2.ps
bmp2eps -c ../doc/gui/snaps/acc3.bmp tmp/acc3.ps
bmp2eps -c ../doc/gui/snaps/acc4.bmp tmp/acc4.ps
bmp2eps -c ../doc/gui/snaps/acc5.bmp tmp/acc5.ps
bmp2eps -c ../doc/gui/snaps/acc6.bmp tmp/acc6.ps
bmp2eps -c ../doc/gui/snaps/acc7.bmp tmp/acc7.ps
bmp2eps -c ../doc/gui/snaps/acc8.bmp tmp/acc8.ps
bmp2eps -c ../doc/gui/snaps/acc9.bmp tmp/acc9.ps
bmp2eps -c ../doc/gui/snaps/brow1.bmp tmp/brow1.ps
bmp2eps -c ../doc/gui/snaps/brow10.bmp tmp/brow10.ps
bmp2eps -c ../doc/gui/snaps/brow11.bmp tmp/brow11.ps
bmp2eps -c ../doc/gui/snaps/brow12.bmp tmp/brow12.ps
bmp2eps -c ../doc/gui/snaps/brow13.bmp tmp/brow13.ps
bmp2eps -c ../doc/gui/snaps/brow14.bmp tmp/brow14.ps
bmp2eps -c ../doc/gui/snaps/brow15.bmp tmp/brow15.ps
bmp2eps -c ../doc/gui/snaps/brow16.bmp tmp/brow16.ps
bmp2eps -c ../doc/gui/snaps/brow17.bmp tmp/brow17.ps
bmp2eps -c ../doc/gui/snaps/brow18.bmp tmp/brow18.ps
bmp2eps -c ../doc/gui/snaps/brow19.bmp tmp/brow19.ps
bmp2eps -c ../doc/gui/snaps/brow2.bmp tmp/brow2.ps
bmp2eps -c ../doc/gui/snaps/brow3.bmp tmp/brow3.ps
bmp2eps -c ../doc/gui/snaps/brow4.bmp tmp/brow4.ps
bmp2eps -c ../doc/gui/snaps/brow5.bmp tmp/brow5.ps
bmp2eps -c ../doc/gui/snaps/brow6.bmp tmp/brow6.ps
bmp2eps -c ../doc/gui/snaps/brow7.bmp tmp/brow7.ps
bmp2eps -c ../doc/gui/snaps/brow8.bmp tmp/brow8.ps
bmp2eps -c ../doc/gui/snaps/brow9.bmp tmp/brow9.ps
bmp2eps -c ../doc/gui/snaps/dde1.bmp tmp/dde1.ps
bmp2eps -c ../doc/gui/snaps/dde1a.bmp tmp/dde1a.ps
bmp2eps -c ../doc/gui/snaps/dde10.bmp tmp/dde10.ps
bmp2eps -c ../doc/gui/snaps/dde11.bmp tmp/dde11.ps
bmp2eps -c ../doc/gui/snaps/dde12.bmp tmp/dde12.ps
bmp2eps -c ../doc/gui/snaps/dde13.bmp tmp/dde13.ps
bmp2eps -c ../doc/gui/snaps/dde2.bmp tmp/dde2.ps
bmp2eps -c ../doc/gui/snaps/dde5.bmp tmp/dde5.ps
bmp2eps -c ../doc/gui/snaps/dde6.bmp tmp/dde6.ps
bmp2eps -c ../doc/gui/snaps/dde9.bmp tmp/dde9.ps
bmp2eps -c ../doc/gui/snaps/dia1.bmp tmp/dia1.ps
bmp2eps -c ../doc/gui/snaps/dia10.bmp tmp/dia10.ps
bmp2eps -c ../doc/gui/snaps/dia11.bmp tmp/dia11.ps
bmp2eps -c ../doc/gui/snaps/dia2.bmp tmp/dia2.ps
bmp2eps -c ../doc/gui/snaps/dia3.bmp tmp/dia3.ps
bmp2eps -c ../doc/gui/snaps/dia4.bmp tmp/dia4.ps
bmp2eps -c ../doc/gui/snaps/dia5.bmp tmp/dia5.ps
bmp2eps -c ../doc/gui/snaps/dia6.bmp tmp/dia6.ps
bmp2eps -c ../doc/gui/snaps/dia7.bmp tmp/dia7.ps
bmp2eps -c ../doc/gui/snaps/dia8.bmp tmp/dia8.ps
bmp2eps -c ../doc/gui/snaps/dia9.bmp tmp/dia9.ps
bmp2eps -c ../doc/gui/snaps/drw1.bmp tmp/drw1.ps
bmp2eps -c ../doc/gui/snaps/drw10.bmp tmp/drw10.ps
bmp2eps -c ../doc/gui/snaps/drw11.bmp tmp/drw11.ps
bmp2eps -c ../doc/gui/snaps/drw12.bmp tmp/drw12.ps
bmp2eps -c ../doc/gui/snaps/drw13.bmp tmp/drw13.ps
bmp2eps -c ../doc/gui/snaps/drw14.bmp tmp/drw14.ps
bmp2eps -c ../doc/gui/snaps/drw15.bmp tmp/drw15.ps
bmp2eps -c ../doc/gui/snaps/drw16.bmp tmp/drw16.ps
bmp2eps -c ../doc/gui/snaps/drw2.bmp tmp/drw2.ps
bmp2eps -c ../doc/gui/snaps/drw3.bmp tmp/drw3.ps
bmp2eps -c ../doc/gui/snaps/drw4.bmp tmp/drw4.ps
bmp2eps -c ../doc/gui/snaps/drw5.bmp tmp/drw5.ps
bmp2eps -c ../doc/gui/snaps/drw6.bmp tmp/drw6.ps
bmp2eps -c ../doc/gui/snaps/drw7.bmp tmp/drw7.ps
bmp2eps -c ../doc/gui/snaps/drw8.bmp tmp/drw8.ps
bmp2eps -c ../doc/gui/snaps/drw9.bmp tmp/drw9.ps
bmp2eps -c ../doc/gui/snaps/hw1.bmp tmp/hw1.ps
bmp2eps -c ../doc/gui/snaps/hw10.bmp tmp/hw10.ps
bmp2eps -c ../doc/gui/snaps/hw11.bmp tmp/hw11.ps
bmp2eps -c ../doc/gui/snaps/hw12.bmp tmp/hw12.ps
bmp2eps -c ../doc/gui/snaps/hw13.bmp tmp/hw13.ps
bmp2eps -c ../doc/gui/snaps/hw14.bmp tmp/hw14.ps
bmp2eps -c ../doc/gui/snaps/hw15.bmp tmp/hw15.ps
bmp2eps -c ../doc/gui/snaps/hw16.bmp tmp/hw16.ps
bmp2eps -c ../doc/gui/snaps/hw2.bmp tmp/hw2.ps
bmp2eps -c ../doc/gui/snaps/hw3.bmp tmp/hw3.ps
bmp2eps -c ../doc/gui/snaps/hw4.bmp tmp/hw4.ps
bmp2eps -c ../doc/gui/snaps/hw5.bmp tmp/hw5.ps
bmp2eps -c ../doc/gui/snaps/hw6.bmp tmp/hw6.ps
bmp2eps -c ../doc/gui/snaps/hw7.bmp tmp/hw7.ps
bmp2eps -c ../doc/gui/snaps/hw8.bmp tmp/hw8.ps
bmp2eps -c ../doc/gui/snaps/hw9.bmp tmp/hw9.ps
bmp2eps -c ../doc/gui/snaps/ide1.bmp tmp/ide1.ps
bmp2eps -c ../doc/gui/snaps/ide10.bmp tmp/ide10.ps
bmp2eps -c ../doc/gui/snaps/ide11.bmp tmp/ide11.ps
bmp2eps -c ../doc/gui/snaps/ide12.bmp tmp/ide12.ps
bmp2eps -c ../doc/gui/snaps/ide13.bmp tmp/ide13.ps
bmp2eps -c ../doc/gui/snaps/ide14.bmp tmp/ide14.ps
bmp2eps -c ../doc/gui/snaps/ide15.bmp tmp/ide15.ps
bmp2eps -c ../doc/gui/snaps/ide16.bmp tmp/ide16.ps
bmp2eps -c ../doc/gui/snaps/ide17.bmp tmp/ide17.ps
bmp2eps -c ../doc/gui/snaps/ide18.bmp tmp/ide18.ps
bmp2eps -c ../doc/gui/snaps/ide19.bmp tmp/ide19.ps
bmp2eps -c ../doc/gui/snaps/ide2.bmp tmp/ide2.ps
bmp2eps -c ../doc/gui/snaps/ide20.bmp tmp/ide20.ps
bmp2eps -c ../doc/gui/snaps/ide21.bmp tmp/ide21.ps
bmp2eps -c ../doc/gui/snaps/ide22.bmp tmp/ide22.ps
bmp2eps -c ../doc/gui/snaps/ide23.bmp tmp/ide23.ps
bmp2eps -c ../doc/gui/snaps/ide24.bmp tmp/ide24.ps
bmp2eps -c ../doc/gui/snaps/ide25.bmp tmp/ide25.ps
bmp2eps -c ../doc/gui/snaps/ide26.bmp tmp/ide26.ps
bmp2eps -c ../doc/gui/snaps/ide27.bmp tmp/ide27.ps
bmp2eps -c ../doc/gui/snaps/ide28.bmp tmp/ide28.ps
bmp2eps -c ../doc/gui/snaps/ide29.bmp tmp/ide29.ps
bmp2eps -c ../doc/gui/snaps/ide3.bmp tmp/ide3.ps
bmp2eps -c ../doc/gui/snaps/ide4.bmp tmp/ide4.ps
bmp2eps -c ../doc/gui/snaps/ide5.bmp tmp/ide5.ps
bmp2eps -c ../doc/gui/snaps/ide6.bmp tmp/ide6.ps
bmp2eps -c ../doc/gui/snaps/ide7.bmp tmp/ide7.ps
bmp2eps -c ../doc/gui/snaps/ide8.bmp tmp/ide8.ps
bmp2eps -c ../doc/gui/snaps/ide9.bmp tmp/ide9.ps
bmp2eps -c ../doc/gui/snaps/img1.bmp tmp/img1.ps
bmp2eps -c ../doc/gui/snaps/img2.bmp tmp/img2.ps
bmp2eps -c ../doc/gui/snaps/img3.bmp tmp/img3.ps
bmp2eps -c ../doc/gui/snaps/img4.bmp tmp/img4.ps
bmp2eps -c ../doc/gui/snaps/img5.bmp tmp/img5.ps
bmp2eps -c ../doc/gui/snaps/img6.bmp tmp/img6.ps
bmp2eps -c ../doc/gui/snaps/img7.bmp tmp/img7.ps
bmp2eps -c ../doc/gui/snaps/mnu1.bmp tmp/mnu1.ps
bmp2eps -c ../doc/gui/snaps/mnu2.bmp tmp/mnu2.ps
bmp2eps -c ../doc/gui/snaps/mnu3.bmp tmp/mnu3.ps
bmp2eps -c ../doc/gui/snaps/mnu4.bmp tmp/mnu4.ps
bmp2eps -c ../doc/gui/snaps/mnu5.bmp tmp/mnu5.ps
bmp2eps -c ../doc/gui/snaps/mnu6.bmp tmp/mnu6.ps
bmp2eps -c ../doc/gui/snaps/mnu7.bmp tmp/mnu7.ps
bmp2eps -c ../doc/gui/snaps/mnu8.bmp tmp/mnu8.ps
bmp2eps -c ../doc/gui/snaps/mnu9.bmp tmp/mnu9.ps
bmp2eps -c ../doc/gui/snaps/res1.bmp tmp/res1.ps
bmp2eps -c ../doc/gui/snaps/res10.bmp tmp/res10.ps
bmp2eps -c ../doc/gui/snaps/res11.bmp tmp/res11.ps
bmp2eps -c ../doc/gui/snaps/res12.bmp tmp/res12.ps
bmp2eps -c ../doc/gui/snaps/res2.bmp tmp/res2.ps
bmp2eps -c ../doc/gui/snaps/res3.bmp tmp/res3.ps
bmp2eps -c ../doc/gui/snaps/res4.bmp tmp/res4.ps
bmp2eps -c ../doc/gui/snaps/res5.bmp tmp/res5.ps
bmp2eps -c ../doc/gui/snaps/res6.bmp tmp/res6.ps
bmp2eps -c ../doc/gui/snaps/res7.bmp tmp/res7.ps
bmp2eps -c ../doc/gui/snaps/res8.bmp tmp/res8.ps
bmp2eps -c ../doc/gui/snaps/res9.bmp tmp/res9.ps
bmp2eps -c ../doc/gui/snaps/spy1.bmp tmp/spy1.ps
bmp2eps -c ../doc/gui/snaps/spy1a.bmp tmp/spy1a.ps
bmp2eps -c ../doc/gui/snaps/spy10.bmp tmp/spy10.ps
bmp2eps -c ../doc/gui/snaps/spy11.bmp tmp/spy11.ps
bmp2eps -c ../doc/gui/snaps/spy13.bmp tmp/spy13.ps
bmp2eps -c ../doc/gui/snaps/spy2.bmp tmp/spy2.ps
bmp2eps -c ../doc/gui/snaps/spy5.bmp tmp/spy5.ps
bmp2eps -c ../doc/gui/snaps/spy6.bmp tmp/spy6.ps
bmp2eps -c ../doc/gui/snaps/spy8.bmp tmp/spy8.ps
bmp2eps -c ../doc/gui/snaps/spy9.bmp tmp/spy9.ps
bmp2eps -c ../doc/gui/snaps/str1.bmp tmp/str1.ps
bmp2eps -c ../doc/gui/snaps/str2.bmp tmp/str2.ps
bmp2eps -c ../doc/gui/snaps/str3.bmp tmp/str3.ps
bmp2eps -c ../doc/gui/snaps/str4.bmp tmp/str4.ps
bmp2eps -c ../doc/gui/snaps/str5.bmp tmp/str5.ps
bmp2eps -c ../doc/gui/snaps/str6.bmp tmp/str6.ps
bmp2eps -c ../doc/gui/snaps/str7.bmp tmp/str7.ps
bmp2eps -c ../doc/gui/snaps/str8.bmp tmp/str8.ps
bmp2eps -c ../doc/gui/snaps/vi0.bmp tmp/vi0.ps
bmp2eps -c ../doc/gui/snaps/vi1.bmp tmp/vi1.ps
bmp2eps -c ../doc/gui/snaps/vi10.bmp tmp/vi10.ps
bmp2eps -c ../doc/gui/snaps/vi11.bmp tmp/vi11.ps
bmp2eps -c ../doc/gui/snaps/vi12.bmp tmp/vi12.ps
bmp2eps -c ../doc/gui/snaps/vi2.bmp tmp/vi2.ps
bmp2eps -c ../doc/gui/snaps/vi3.bmp tmp/vi3.ps
bmp2eps -c ../doc/gui/snaps/vi4.bmp tmp/vi4.ps
bmp2eps -c ../doc/gui/snaps/vi5.bmp tmp/vi5.ps
bmp2eps -c ../doc/gui/snaps/vi6.bmp tmp/vi6.ps
bmp2eps -c ../doc/gui/snaps/vi7.bmp tmp/vi7.ps
bmp2eps -c ../doc/gui/snaps/vi8.bmp tmp/vi8.ps
bmp2eps -c ../doc/gui/snaps/vi9.bmp tmp/vi9.ps
bmp2eps -c ../doc/gui/snaps/wprof01.bmp tmp/wprof01.ps
bmp2eps -c ../doc/gui/snaps/wprof02.bmp tmp/wprof02.ps
bmp2eps -c ../doc/gui/snaps/wprof03.bmp tmp/wprof03.ps
bmp2eps -c ../doc/gui/snaps/wprof04.bmp tmp/wprof04.ps
bmp2eps -c ../doc/gui/snaps/wprof05.bmp tmp/wprof05.ps
bmp2eps -c ../doc/gui/snaps/wprof06.bmp tmp/wprof06.ps
bmp2eps -c ../doc/gui/snaps/wprof07.bmp tmp/wprof07.ps
bmp2eps -c ../doc/gui/snaps/wprof08.bmp tmp/wprof08.ps
bmp2eps -c ../doc/gui/snaps/wzm1.bmp tmp/wzm1.ps
bmp2eps -c ../doc/gui/snaps/wzm2.bmp tmp/wzm2.ps
%make prepare_wgml_opts
dosemu -dumb -quiet wgml.bat
ERROR: Unable to open console or check with X to evaluate the keyboard map.
Please specify your keyboard map explicitly via the $_layout option.
ERROR: unknown window sizes li=0  co=0, setting to 80x25
ERROR: MFS: couldn't find root path /media/CDROM
D:\build\open-watcom\open-watcom-v2\docs\pdf>lredir w: linux\fs/home/travis/build/open-watcom/open-watcom-v2/docs
W: = LINUX\FS/HOME/TRAVIS/BUILD/OPEN-WATCOM/OPEN-WATCOM-V2/DOCS attrib = READ/WRITE
D:\build\open-watcom\open-watcom-v2\docs\pdf>w:\gml\dos\wgml.exe guitool ( file wgmlopts.tmp
WATCOM Script/GML V4.0 Copyright by WATCOM International Corp. 1985,1993.
D:\build\open-watcom\open-watcom-v2\docs\pdf>exitemu
ps2pdf12 -r600 guitool.ps guitool.pdf
===== pdf /home/travis/build/open-watcom/open-watcom-v2/docs/pdf-lguide/lguide =====
%make prepare_wgml_opts
dosemu -dumb -quiet wgml.bat
ERROR: Unable to open console or check with X to evaluate the keyboard map.
Please specify your keyboard map explicitly via the $_layout option.
ERROR: unknown window sizes li=0  co=0, setting to 80x25
ERROR: MFS: couldn't find root path /media/CDROM
D:\build\open-watcom\open-watcom-v2\docs\pdf>lredir w: linux\fs/home/travis/build/open-watcom/open-watcom-v2/docs
W: = LINUX\FS/HOME/TRAVIS/BUILD/OPEN-WATCOM/OPEN-WATCOM-V2/DOCS attrib = READ/WRITE
D:\build\open-watcom\open-watcom-v2\docs\pdf>w:\gml\dos\wgml.exe lguide ( file wgmlopts.tmp
WATCOM Script/GML V4.0 Copyright by WATCOM International Corp. 1985,1993.
D:\build\open-watcom\open-watcom-v2\docs\pdf>exitemu
ps2pdf12 -r600 lguide.ps lguide.pdf
===== pdf /home/travis/build/open-watcom/open-watcom-v2/docs/pdf-pguide/pguide =====
%make prepare_wgml_opts
dosemu -dumb -quiet wgml.bat
ERROR: Unable to open console or check with X to evaluate the keyboard map.
Please specify your keyboard map explicitly via the $_layout option.
ERROR: unknown window sizes li=0  co=0, setting to 80x25
ERROR: MFS: couldn't find root path /media/CDROM
D:\build\open-watcom\open-watcom-v2\docs\pdf>lredir w: linux\fs/home/travis/build/open-watcom/open-watcom-v2/docs
W: = LINUX\FS/HOME/TRAVIS/BUILD/OPEN-WATCOM/OPEN-WATCOM-V2/DOCS attrib = READ/WRITE
D:\build\open-watcom\open-watcom-v2\docs\pdf>w:\gml\dos\wgml.exe pguide ( file wgmlopts.tmp
WATCOM Script/GML V4.0 Copyright by WATCOM International Corp. 1985,1993.
D:\build\open-watcom\open-watcom-v2\docs\pdf>exitemu
ps2pdf12 -r600 pguide.ps pguide.pdf
===== pdf /home/travis/build/open-watcom/open-watcom-v2/docs/pdf-tools/ctools =====
%make prepare_wgml_opts
dosemu -dumb -quiet wgml.bat
ERROR: Unable to open console or check with X to evaluate the keyboard map.
Please specify your keyboard map explicitly via the $_layout option.
ERROR: unknown window sizes li=0  co=0, setting to 80x25
ERROR: MFS: couldn't find root path /media/CDROM
D:\build\open-watcom\open-watcom-v2\docs\pdf>lredir w: linux\fs/home/travis/build/open-watcom/open-watcom-v2/docs
W: = LINUX\FS/HOME/TRAVIS/BUILD/OPEN-WATCOM/OPEN-WATCOM-V2/DOCS attrib = READ/WRITE
D:\build\open-watcom\open-watcom-v2\docs\pdf>w:\gml\dos\wgml.exe ctools ( file wgmlopts.tmp
WATCOM Script/GML V4.0 Copyright by WATCOM International Corp. 1985,1993.
D:\build\open-watcom\open-watcom-v2\docs\pdf>exitemu
ps2pdf12 -r600 tools.ps tools.pdf
===== pdf /home/travis/build/open-watcom/open-watcom-v2/docs/pdf-trap/wtrap =====
%make prepare_wgml_opts
dosemu -dumb -quiet wgml.bat
ERROR: Unable to open console or check with X to evaluate the keyboard map.
Please specify your keyboard map explicitly via the $_layout option.
ERROR: unknown window sizes li=0  co=0, setting to 80x25
ERROR: MFS: couldn't find root path /media/CDROM
D:\build\open-watcom\open-watcom-v2\docs\pdf>lredir w: linux\fs/home/travis/build/open-watcom/open-watcom-v2/docs
W: = LINUX\FS/HOME/TRAVIS/BUILD/OPEN-WATCOM/OPEN-WATCOM-V2/DOCS attrib = READ/WRITE
D:\build\open-watcom\open-watcom-v2\docs\pdf>w:\gml\dos\wgml.exe wtrap ( file wgmlopts.tmp
WATCOM Script/GML V4.0 Copyright by WATCOM International Corp. 1985,1993.
D:\build\open-watcom\open-watcom-v2\docs\pdf>exitemu
ps2pdf12 -r600 trap.ps trap.pdf
===== pdf /home/travis/build/open-watcom/open-watcom-v2/docs/pdf-vi/vi =====
bmp2eps -c ../doc/vi/snaps/vi001.bmp tmp/vi001.ps
bmp2eps -c ../doc/vi/snaps/vi003.bmp tmp/vi003.ps
bmp2eps -c ../doc/vi/snaps/vi004.bmp tmp/vi004.ps
bmp2eps -c ../doc/vi/snaps/vi005.bmp tmp/vi005.ps
bmp2eps -c ../doc/vi/snaps/vi006.bmp tmp/vi006.ps
bmp2eps -c ../doc/vi/snaps/vi007.bmp tmp/vi007.ps
bmp2eps -c ../doc/vi/snaps/vi008.bmp tmp/vi008.ps
bmp2eps -c ../doc/vi/snaps/vi009.bmp tmp/vi009.ps
bmp2eps -c ../doc/vi/snaps/vi010.bmp tmp/vi010.ps
bmp2eps -c ../doc/vi/snaps/vi012.bmp tmp/vi012.ps
bmp2eps -c ../doc/vi/snaps/vi013.bmp tmp/vi013.ps
bmp2eps -c ../doc/vi/snaps/vi014.bmp tmp/vi014.ps
bmp2eps -c ../doc/vi/snaps/vi015.bmp tmp/vi015.ps
bmp2eps -c ../doc/vi/snaps/vi016.bmp tmp/vi016.ps
bmp2eps -c ../doc/vi/snaps/vi017.bmp tmp/vi017.ps
bmp2eps -c ../doc/vi/snaps/vi018.bmp tmp/vi018.ps
bmp2eps -c ../doc/vi/snaps/vi019.bmp tmp/vi019.ps
bmp2eps -c ../doc/vi/snaps/vi020.bmp tmp/vi020.ps
bmp2eps -c ../doc/vi/snaps/vi021.bmp tmp/vi021.ps
bmp2eps -c ../doc/vi/snaps/vi022.bmp tmp/vi022.ps
bmp2eps -c ../doc/vi/snaps/vi023.bmp tmp/vi023.ps
bmp2eps -c ../doc/vi/snaps/vi024.bmp tmp/vi024.ps
bmp2eps -c ../doc/vi/snaps/vi025.bmp tmp/vi025.ps
bmp2eps -c ../doc/vi/snaps/vi026.bmp tmp/vi026.ps
bmp2eps -c ../doc/vi/snaps/vi027.bmp tmp/vi027.ps
bmp2eps -c ../doc/vi/snaps/vi028.bmp tmp/vi028.ps
bmp2eps -c ../doc/vi/snaps/vi029.bmp tmp/vi029.ps
bmp2eps -c ../doc/vi/snaps/vi030.bmp tmp/vi030.ps
bmp2eps -c ../doc/vi/snaps/vi031.bmp tmp/vi031.ps
%make prepare_wgml_opts
dosemu -dumb -quiet wgml.bat
ERROR: Unable to open console or check with X to evaluate the keyboard map.
Please specify your keyboard map explicitly via the $_layout option.
ERROR: unknown window sizes li=0  co=0, setting to 80x25
ERROR: MFS: couldn't find root path /media/CDROM
D:\build\open-watcom\open-watcom-v2\docs\pdf>lredir w: linux\fs/home/travis/build/open-watcom/open-watcom-v2/docs
W: = LINUX\FS/HOME/TRAVIS/BUILD/OPEN-WATCOM/OPEN-WATCOM-V2/DOCS attrib = READ/WRITE
D:\build\open-watcom\open-watcom-v2\docs\pdf>w:\gml\dos\wgml.exe vi ( file wgmlopts.tmp
WATCOM Script/GML V4.0 Copyright by WATCOM International Corp. 1985,1993.
D:\build\open-watcom\open-watcom-v2\docs\pdf>exitemu
ps2pdf12 -r600 vi.ps vi.pdf
===== pdf /home/travis/build/open-watcom/open-watcom-v2/docs/pdf-wd/wdbg =====
bmp2eps -c ../doc/wd/dbg87.bmp tmp/dbg87.ps
bmp2eps -c ../doc/wd/dbgacc.bmp tmp/dbgacc.ps
bmp2eps -c ../doc/wd/dbgass.bmp tmp/dbgass.ps
bmp2eps -c ../doc/wd/dbgbrk.bmp tmp/dbgbrk.ps
bmp2eps -c ../doc/wd/dbgcall.bmp tmp/dbgcall.ps
bmp2eps -c ../doc/wd/dbgfpu.bmp tmp/dbgfpu.ps
bmp2eps -c ../doc/wd/dbgfunc.bmp tmp/dbgfunc.ps
bmp2eps -c ../doc/wd/dbgglob.bmp tmp/dbgglob.ps
bmp2eps -c ../doc/wd/dbgimg.bmp tmp/dbgimg.ps
bmp2eps -c ../doc/wd/dbgio.bmp tmp/dbgio.ps
bmp2eps -c ../doc/wd/dbglog.bmp tmp/dbglog.ps
bmp2eps -c ../doc/wd/dbgmem.bmp tmp/dbgmem.ps
bmp2eps -c ../doc/wd/dbgmmxb.bmp tmp/dbgmmxb.ps
bmp2eps -c ../doc/wd/dbgmod.bmp tmp/dbgmod.ps
bmp2eps -c ../doc/wd/dbgreg.bmp tmp/dbgreg.ps
bmp2eps -c ../doc/wd/dbgrep.bmp tmp/dbgrep.ps
bmp2eps -c ../doc/wd/dbgshot.bmp tmp/dbgshot.ps
bmp2eps -c ../doc/wd/dbgsrc.bmp tmp/dbgsrc.ps
bmp2eps -c ../doc/wd/dbgthrd.bmp tmp/dbgthrd.ps
bmp2eps -c ../doc/wd/dbgvar.bmp tmp/dbgvar.ps
bmp2eps -c ../doc/wd/dbgxmmb.bmp tmp/dbgxmmb.ps
bmp2eps -c ../doc/wd/dlgbrk.bmp tmp/dlgbrk.ps
bmp2eps -c ../doc/wd/dlgopt.bmp tmp/dlgopt.ps
bmp2eps -c ../doc/wd/dlgsrch.bmp tmp/dlgsrch.ps
bmp2eps -c ../doc/wd/dlgwopt.bmp tmp/dlgwopt.ps
%make prepare_wgml_opts
dosemu -dumb -quiet wgml.bat
ERROR: Unable to open console or check with X to evaluate the keyboard map.
Please specify your keyboard map explicitly via the $_layout option.
ERROR: unknown window sizes li=0  co=0, setting to 80x25
ERROR: MFS: couldn't find root path /media/CDROM
D:\build\open-watcom\open-watcom-v2\docs\pdf>lredir w: linux\fs/home/travis/build/open-watcom/open-watcom-v2/docs
W: = LINUX\FS/HOME/TRAVIS/BUILD/OPEN-WATCOM/OPEN-WATCOM-V2/DOCS attrib = READ/WRITE
D:\build\open-watcom\open-watcom-v2\docs\pdf>w:\gml\dos\wgml.exe wdbg ( file wgmlopts.tmp
WATCOM Script/GML V4.0 Copyright by WATCOM International Corp. 1985,1993.
D:\build\open-watcom\open-watcom-v2\docs\pdf>exitemu
ps2pdf12 -r600 wd.ps wd.pdf
===== pdf /home/travis/build/open-watcom/open-watcom-v2/docs/pdf-wddoc/wddoc =====
%make prepare_wgml_opts
dosemu -dumb -quiet wgml.bat
ERROR: Unable to open console or check with X to evaluate the keyboard map.
Please specify your keyboard map explicitly via the $_layout option.
ERROR: unknown window sizes li=0  co=0, setting to 80x25
ERROR: MFS: couldn't find root path /media/CDROM
D:\build\open-watcom\open-watcom-v2\docs\pdf>lredir w: linux\fs/home/travis/build/open-watcom/open-watcom-v2/docs
W: = LINUX\FS/HOME/TRAVIS/BUILD/OPEN-WATCOM/OPEN-WATCOM-V2/DOCS attrib = READ/WRITE
D:\build\open-watcom\open-watcom-v2\docs\pdf>w:\gml\dos\wgml.exe wddoc ( file wgmlopts.tmp
WATCOM Script/GML V4.0 Copyright by WATCOM International Corp. 1985,1993.
D:\build\open-watcom\open-watcom-v2\docs\pdf>exitemu
ps2pdf12 -r600 wddoc.ps wddoc.pdf
===== pdf /home/travis/build/open-watcom/open-watcom-v2/docs/pdf-wgmlref/rfman =====
%make prepare_wgml_opts
dosemu -dumb -quiet wgml.bat
ERROR: Unable to open console or check with X to evaluate the keyboard map.
Please specify your keyboard map explicitly via the $_layout option.
ERROR: unknown window sizes li=0  co=0, setting to 80x25
ERROR: MFS: couldn't find root path /media/CDROM
D:\build\open-watcom\open-watcom-v2\docs\pdf>lredir w: linux\fs/home/travis/build/open-watcom/open-watcom-v2/docs
W: = LINUX\FS/HOME/TRAVIS/BUILD/OPEN-WATCOM/OPEN-WATCOM-V2/DOCS attrib = READ/WRITE
D:\build\open-watcom\open-watcom-v2\docs\pdf>w:\gml\dos\wgml.exe rfman ( file wgmlopts.tmp
WATCOM Script/GML V4.0 Copyright by WATCOM International Corp. 1985,1993.
D:\build\open-watcom\open-watcom-v2\docs\pdf>exitemu
ps2pdf12 -r600 wgmlref.ps wgmlref.pdf
===== pdf /home/travis/build/open-watcom/open-watcom-v2/docs/pdf-wipfc/wipfc =====
%make prepare_wgml_opts
dosemu -dumb -quiet wgml.bat
ERROR: Unable to open console or check with X to evaluate the keyboard map.
Please specify your keyboard map explicitly via the $_layout option.
ERROR: unknown window sizes li=0  co=0, setting to 80x25
ERROR: MFS: couldn't find root path /media/CDROM
D:\build\open-watcom\open-watcom-v2\docs\pdf>lredir w: linux\fs/home/travis/build/open-watcom/open-watcom-v2/docs
W: = LINUX\FS/HOME/TRAVIS/BUILD/OPEN-WATCOM/OPEN-WATCOM-V2/DOCS attrib = READ/WRITE
D:\build\open-watcom\open-watcom-v2\docs\pdf>w:\gml\dos\wgml.exe wipfc ( file wgmlopts.tmp
WATCOM Script/GML V4.0 Copyright by WATCOM International Corp. 1985,1993.
D:\build\open-watcom\open-watcom-v2\docs\pdf>exitemu
ps2pdf12 -r600 wipfc.ps wipfc.pdf
========= 00:58:39 /home/travis/build/open-watcom/open-watcom-v2/docs =========
========= 00:58:39 /home/travis/build/open-watcom/open-watcom-v2/docs =========
========= 00:58:39 /home/travis/build/open-watcom/open-watcom-v2/bld ==========
