Build host: UNIX
========= 19:14:14 /home/travis/build/open-watcom/open-watcom-v2/bld ==========
**** TESTCLEAN rule
rm -f *.?bj *.err *.lnk *.exe *.exp *.out *.sym *.dmp *.map
rm -f *.lst *.tmp *.lbc *.def *.dll *.pdb *.pch *.lib *.res
===== 19:14:14 /home/travis/build/open-watcom/open-watcom-v2/bld/wasmtest =====
**** TESTCLEAN rule
rm -f *.?bj *.err *.lnk *.exe *.exp *.out *.sym *.dmp *.map
rm -f *.lst *.tmp *.lbc *.def *.dll *.pdb *.pch *.lib *.res
====== 19:14:14 /home/travis/build/open-watcom/open-watcom-v2/bld/ctest =======
**** TESTCLEAN rule
rm -f *.?bj *.err *.lnk *.exe *.exp *.out *.sym *.dmp *.map
rm -f *.lst *.tmp *.lbc *.def *.dll *.pdb *.pch *.lib *.res
===== 19:14:14 /home/travis/build/open-watcom/open-watcom-v2/bld/f77test ======
**** TESTCLEAN rule
rm -f *.?bj *.err *.lnk *.exe *.exp *.out *.sym *.dmp *.map
rm -f *.lst *.tmp *.lbc *.def *.dll *.pdb *.pch *.lib *.res
===== 19:14:14 /home/travis/build/open-watcom/open-watcom-v2/bld/plustest =====
**** TESTCLEAN rule
rm -f *.?bj *.err *.lnk *.exe *.exp *.out *.sym *.dmp *.map
rm -f *.lst *.tmp *.lbc *.def *.dll *.pdb *.pch *.lib *.res
===== 19:14:14 /home/travis/build/open-watcom/open-watcom-v2/bld/clibtest =====
========= 19:14:14 /home/travis/build/open-watcom/open-watcom-v2/bld ==========
